\BOOKMARK [-1][-]{part.1}{I\040Why\040do\040we\040build\040bridges}{}% 1
\BOOKMARK [0][-]{chapter.1}{Why\040do\040we\040build\040bridges?}{part.1}% 2
\BOOKMARK [0][-]{chapter.2}{Heading:\040part1/context.md}{part.1}% 3
\BOOKMARK [1][-]{section.2.1}{Heading:\040part1/construction_climate.md}{chapter.2}% 4
\BOOKMARK [1][-]{section.2.2}{Heading:\040part1/bridge_tech_designers.md}{chapter.2}% 5
\BOOKMARK [0][-]{chapter.3}{Heading:\040part1/heuristics.md}{part.1}% 6
\BOOKMARK [0][-]{chapter.4}{Keeping\040Track}{part.1}% 7
\BOOKMARK [1][-]{section.4.1}{What\040to\040track}{chapter.4}% 8
\BOOKMARK [1][-]{section.4.2}{How\040to\040track\040carbon}{chapter.4}% 9
\BOOKMARK [1][-]{section.4.3}{When\040to\040track\040carbon}{chapter.4}% 10
\BOOKMARK [1][-]{section.4.4}{How\040to\040communicate\040carbon\040assessments}{chapter.4}% 11
\BOOKMARK [-1][-]{part.2}{II\040Low-carbon\040design\040is\040good\040design}{}% 12
\BOOKMARK [0][-]{chapter.5}{Heading:\040part2/intro_switch.md}{part.2}% 13
\BOOKMARK [0][-]{chapter.6}{Heading:\040part2/materials.md}{part.2}% 14
\BOOKMARK [1][-]{section.6.1}{Heading:\040part2/concrete.md}{chapter.6}% 15
\BOOKMARK [1][-]{section.6.2}{Heading:\040part2/steel.md}{chapter.6}% 16
\BOOKMARK [1][-]{section.6.3}{Heading:\040part2/asphalt.md}{chapter.6}% 17
\BOOKMARK [0][-]{chapter.7}{Heading:\040part2/specification.md}{part.2}% 18
\BOOKMARK [1][-]{section.7.1}{Heading:\040part2/highway.md}{chapter.7}% 19
\BOOKMARK [1][-]{section.7.2}{Heading:\040part2/footcycle.md}{chapter.7}% 20
\BOOKMARK [1][-]{section.7.3}{Heading:\040part2/rail.md}{chapter.7}% 21
\BOOKMARK [1][-]{section.7.4}{Heading:\040part2/station.md}{chapter.7}% 22
\BOOKMARK [1][-]{section.7.5}{Heading:\040part2/eco.md}{chapter.7}% 23
\BOOKMARK [0][-]{chapter.8}{Heading:\040part2/carbon_and_cost.md}{part.2}% 24
\BOOKMARK [1][-]{section.8.1}{Heading:\040part2/opportunities.md}{chapter.8}% 25
\BOOKMARK [1][-]{section.8.2}{Heading:\040part2/prioritisation.md}{chapter.8}% 26
\BOOKMARK [1][-]{section.8.3}{Heading:\040part2/communication.md}{chapter.8}% 27
\BOOKMARK [-1][-]{part.3}{III\040Good\040design\040is\040low-carbon\040design}{}% 28
\BOOKMARK [0][-]{chapter.9}{Heading:\040part3/intro_improve.md}{part.3}% 29
\BOOKMARK [0][-]{chapter.10}{Heading:\040part3/design_criteria.md}{part.3}% 30
\BOOKMARK [1][-]{section.10.1}{Heading:\040part3/functional_requirements.md}{chapter.10}% 31
\BOOKMARK [1][-]{section.10.2}{Heading:\040part3/loading.md}{chapter.10}% 32
\BOOKMARK [1][-]{section.10.3}{Heading:\040part3/design_life.md}{chapter.10}% 33
\BOOKMARK [1][-]{section.10.4}{Heading:\040part3/durability.md}{chapter.10}% 34
\BOOKMARK [1][-]{section.10.5}{Heading:\040part3/safety.md}{chapter.10}% 35
\BOOKMARK [1][-]{section.10.6}{Heading:\040part3/services.md}{chapter.10}% 36
\BOOKMARK [0][-]{chapter.11}{Heading:\040part3/efficient_design.md}{part.3}% 37
\BOOKMARK [1][-]{section.11.1}{Heading:\040part3/superstructure.md}{chapter.11}% 38
\BOOKMARK [1][-]{section.11.2}{Heading:\040part3/substructure.md}{chapter.11}% 39
\BOOKMARK [1][-]{section.11.3}{Heading:\040part3/foundations.md}{chapter.11}% 40
\BOOKMARK [1][-]{section.11.4}{Heading:\040part3/abutments.md}{chapter.11}% 41
\BOOKMARK [1][-]{section.11.5}{Heading:\040part3/surfacing.md}{chapter.11}% 42
\BOOKMARK [1][-]{section.11.6}{Heading:\040part3/parapets.md}{chapter.11}% 43
\BOOKMARK [1][-]{section.11.7}{Heading:\040part3/bearings.md}{chapter.11}% 44
\BOOKMARK [1][-]{section.11.8}{Heading:\040part3/expansion_joints.md}{chapter.11}% 45
\BOOKMARK [-1][-]{part.4}{IV\040Step\040change}{}% 46
\BOOKMARK [0][-]{chapter.12}{Heading:\040part4/intro.md}{part.4}% 47
\BOOKMARK [0][-]{chapter.13}{Heading:\040part4/stakeholders.md}{part.4}% 48
\BOOKMARK [0][-]{chapter.14}{Heading:\040part4/ambition_is_default.md}{part.4}% 49
\BOOKMARK [0][-]{chapter.15}{Heading:\040part4/project_risks.md}{part.4}% 50
\BOOKMARK [1][-]{section.15.1}{Heading:\040part4/approvals.md}{chapter.15}% 51
\BOOKMARK [1][-]{section.15.2}{Heading:\040part4/mitigation_vs_monitoring.md}{chapter.15}% 52
\BOOKMARK [0][-]{chapter.16}{Heading:\040part4/good_looks_like.md}{part.4}% 53
\BOOKMARK [0][-]{chapter.17}{Heading:\040part4/thinking_further.md}{part.4}% 54
\BOOKMARK [1][-]{section.17.1}{Heading:\040part4/biodiversity.md}{chapter.17}% 55
\BOOKMARK [1][-]{section.17.2}{Heading:\040part4/regenerative_design.md}{chapter.17}% 56
\BOOKMARK [-1][-]{part.5}{V\040End-game}{}% 57
\BOOKMARK [0][-]{chapter.18}{Heading:\040part5/conclusion.md}{part.5}% 58
\BOOKMARK [0][-]{chapter.19}{Heading:\040part5/community_contribution.md}{part.5}% 59
\BOOKMARK [0][-]{chapter.20}{Heading:\040part5/acknowledgements.md}{part.5}% 60
\BOOKMARK [0][-]{chapter.21}{Glossary}{part.5}% 61
\BOOKMARK [0][-]{chapter.22}{Index}{part.5}% 62
\BOOKMARK [0][-]{section*.6}{Index}{part.5}% 63
